<?xml version="1.0" encoding="UTF-8"?>
<!-- Generated by org.testng.reporters.JUnitXMLReporter -->
<testsuite hostname="Rohits-MacBook-Pro.local" ignored="0" name="Default test" tests="6" failures="0" timestamp="22 May 2019 17:02:05 GMT" time="4.058" errors="0">
  <testcase name="checkResponseBody" time="0.015" classname="com.test.rest.testCases.TC001_Get_Request"/>
  <testcase name="checkStatusCode" time="0.001" classname="com.test.rest.testCases.TC001_Get_Request"/>
  <testcase name="checkStatusLine" time="0.001" classname="com.test.rest.testCases.TC001_Get_Request"/>
  <testcase name="validateCanRelist" time="0.276" classname="com.test.rest.testCases.TC001_Get_Request"/>
  <testcase name="validateName" time="0.015" classname="com.test.rest.testCases.TC001_Get_Request"/>
  <testcase name="validatePromotion" time="0.073" classname="com.test.rest.testCases.TC001_Get_Request"/>
</testsuite> <!-- Default test -->
