<?xml version="1.0" encoding="UTF-8"?>
<testng-results skipped="0" failed="0" ignored="0" total="6" passed="6">
  <reporter-output>
  </reporter-output>
  <suite name="REST API Suite" duration-ms="4543" started-at="2019-05-23T03:37:20Z" finished-at="2019-05-23T03:37:25Z">
    <groups>
    </groups>
    <test name="User API Test" duration-ms="4543" started-at="2019-05-23T03:37:20Z" finished-at="2019-05-23T03:37:25Z">
      <class name="com.test.rest.testCases.TC001_Get_Request">
        <test-method status="PASS" signature="setup()[pri:0, instance:com.test.rest.testCases.TC001_Get_Request@91161c7]" name="setup" is-config="true" duration-ms="32" started-at="2019-05-23T03:37:20Z" finished-at="2019-05-23T03:37:20Z">
          <reporter-output>
          </reporter-output>
        </test-method> <!-- setup -->
        <test-method status="PASS" signature="getUserDetails()[pri:0, instance:com.test.rest.testCases.TC001_Get_Request@91161c7]" name="getUserDetails" is-config="true" duration-ms="3970" started-at="2019-05-23T03:37:20Z" finished-at="2019-05-23T03:37:24Z">
          <reporter-output>
          </reporter-output>
        </test-method> <!-- getUserDetails -->
        <test-method status="PASS" signature="checkResponseBody()[pri:0, instance:com.test.rest.testCases.TC001_Get_Request@91161c7]" name="checkResponseBody" duration-ms="15" started-at="2019-05-23T03:37:24Z" finished-at="2019-05-23T03:37:24Z">
          <reporter-output>
          </reporter-output>
        </test-method> <!-- checkResponseBody -->
        <test-method status="PASS" signature="checkStatusCode()[pri:0, instance:com.test.rest.testCases.TC001_Get_Request@91161c7]" name="checkStatusCode" duration-ms="1" started-at="2019-05-23T03:37:24Z" finished-at="2019-05-23T03:37:24Z">
          <reporter-output>
          </reporter-output>
        </test-method> <!-- checkStatusCode -->
        <test-method status="PASS" signature="checkStatusLine()[pri:0, instance:com.test.rest.testCases.TC001_Get_Request@91161c7]" name="checkStatusLine" duration-ms="1" started-at="2019-05-23T03:37:24Z" finished-at="2019-05-23T03:37:24Z">
          <reporter-output>
          </reporter-output>
        </test-method> <!-- checkStatusLine -->
        <test-method status="PASS" signature="validateCanRelist()[pri:0, instance:com.test.rest.testCases.TC001_Get_Request@91161c7]" name="validateCanRelist" duration-ms="277" started-at="2019-05-23T03:37:24Z" finished-at="2019-05-23T03:37:25Z">
          <reporter-output>
          </reporter-output>
        </test-method> <!-- validateCanRelist -->
        <test-method status="PASS" signature="validateName()[pri:0, instance:com.test.rest.testCases.TC001_Get_Request@91161c7]" name="validateName" duration-ms="15" started-at="2019-05-23T03:37:25Z" finished-at="2019-05-23T03:37:25Z">
          <reporter-output>
          </reporter-output>
        </test-method> <!-- validateName -->
        <test-method status="PASS" signature="validatePromotion()[pri:0, instance:com.test.rest.testCases.TC001_Get_Request@91161c7]" name="validatePromotion" duration-ms="68" started-at="2019-05-23T03:37:25Z" finished-at="2019-05-23T03:37:25Z">
          <reporter-output>
          </reporter-output>
        </test-method> <!-- validatePromotion -->
      </class> <!-- com.test.rest.testCases.TC001_Get_Request -->
    </test> <!-- User API Test -->
  </suite> <!-- REST API Suite -->
</testng-results>
